#
# There is insufficient memory for the Java Runtime Environment to continue.
# Native memory allocation (malloc) failed to allocate 32784 bytes. Error detail: Chunk::new
# Possible reasons:
#   The system is out of physical RAM or swap space
#   This process is running with CompressedOops enabled, and the Java Heap may be blocking the growth of the native heap
# Possible solutions:
#   Reduce memory load on the system
#   Increase physical memory or swap space
#   Check if swap backing store is full
#   Decrease Java heap size (-Xmx/-Xms)
#   Decrease number of Java threads
#   Decrease Java thread stack sizes (-Xss)
#   Set larger code cache with -XX:ReservedCodeCacheSize=
#   JVM is running with Zero Based Compressed Oops mode in which the Java heap is
#     placed in the first 32GB address space. The Java Heap base address is the
#     maximum limit for the native heap growth. Please use -XX:HeapBaseMinAddress
#     to set the Java Heap base and to place the Java Heap above 32GB virtual address.
# This output file may be truncated or incomplete.
#
#  Out of Memory Error (arena.cpp:168), pid=21636, tid=20740
#
# JRE version: OpenJDK Runtime Environment Temurin-21.0.8+9 (21.0.8+9) (build 21.0.8+9-LTS)
# Java VM: OpenJDK 64-Bit Server VM Temurin-21.0.8+9 (21.0.8+9-LTS, mixed mode, sharing, tiered, compressed oops, compressed class ptrs, g1 gc, windows-amd64)
# No core dump will be written. Minidumps are not enabled by default on client versions of Windows
#

---------------  S U M M A R Y ------------

Command Line: --add-opens=java.base/java.lang=ALL-UNNAMED --add-opens=java.base/java.lang.invoke=ALL-UNNAMED --add-opens=java.base/java.util=ALL-UNNAMED --add-opens=java.prefs/java.util.prefs=ALL-UNNAMED --add-exports=jdk.compiler/com.sun.tools.javac.api=ALL-UNNAMED --add-exports=jdk.compiler/com.sun.tools.javac.util=ALL-UNNAMED --add-opens=java.base/java.util=ALL-UNNAMED --add-opens=java.prefs/java.util.prefs=ALL-UNNAMED --add-opens=java.base/java.nio.charset=ALL-UNNAMED --add-opens=java.base/java.net=ALL-UNNAMED --add-opens=java.base/java.util.concurrent.atomic=ALL-UNNAMED --add-opens=java.xml/javax.xml.namespace=ALL-UNNAMED -XX:MaxMetaspaceSize=4G -XX:ReservedCodeCacheSize=512m -XX:+HeapDumpOnOutOfMemoryError -Xmx8G -Dfile.encoding=UTF-8 -Duser.country=BO -Duser.language=es -Duser.variant -javaagent:C:\Users\user\.gradle\wrapper\dists\gradle-8.12-all\ejduaidbjup3bmmkhw3rie4zb\gradle-8.12\lib\agents\gradle-instrumentation-agent-8.12.jar org.gradle.launcher.daemon.bootstrap.GradleDaemon 8.12

Host: Intel(R) Core(TM) i5-4260U CPU @ 1.40GHz, 4 cores, 3G,  Windows 10 , 64 bit Build 19041 (10.0.19041.5915)
Time: Wed Oct 22 20:17:40 2025 Hora de verano del Este elapsed time: 97.981233 seconds (0d 0h 1m 37s)

---------------  T H R E A D  ---------------

Current thread (0x0000020dfa7ad6e0):  JavaThread "C2 CompilerThread0" daemon [_thread_in_native, id=20740, stack(0x000000d9c2900000,0x000000d9c2a00000) (1024K)]


Current CompileTask:
C2:97981 10712       4       javax.management.ObjectName::construct (1135 bytes)

Stack: [0x000000d9c2900000,0x000000d9c2a00000]
Native frames: (J=compiled Java code, j=interpreted, Vv=VM code, C=native code)
V  [jvm.dll+0x6d2449]
V  [jvm.dll+0x8ae341]
V  [jvm.dll+0x8b08be]
V  [jvm.dll+0x8b0fa3]
V  [jvm.dll+0x280c96]
V  [jvm.dll+0xc581d]
V  [jvm.dll+0xc5d53]
V  [jvm.dll+0xd310d]
V  [jvm.dll+0x5ea16f]
V  [jvm.dll+0x5e854d]
V  [jvm.dll+0x5e8de0]
V  [jvm.dll+0x5e836e]
V  [jvm.dll+0x5e8381]
V  [jvm.dll+0x5e8381]
V  [jvm.dll+0x5e8381]
V  [jvm.dll+0x5e8381]
V  [jvm.dll+0x5e8381]
V  [jvm.dll+0x5e8381]
V  [jvm.dll+0x5fa775]
V  [jvm.dll+0x252092]
V  [jvm.dll+0x24aa06]
V  [jvm.dll+0x2483a4]
V  [jvm.dll+0x1c89ee]
V  [jvm.dll+0x257d4d]
V  [jvm.dll+0x2562ea]
V  [jvm.dll+0x3f2d16]
V  [jvm.dll+0x857e6b]
V  [jvm.dll+0x6d0b0d]
C  [ucrtbase.dll+0x21bb2]
C  [KERNEL32.DLL+0x17374]
C  [ntdll.dll+0x4cc91]


---------------  P R O C E S S  ---------------

Threads class SMR info:
_java_thread_list=0x0000020def47c9f0, length=74, elements={
0x0000020df313fcc0, 0x0000020dfa7a1b50, 0x0000020dfa7a23b0, 0x0000020dfa7a3630,
0x0000020dfa7a5ca0, 0x0000020dfa7a6300, 0x0000020dfa7aa970, 0x0000020dfa7ad6e0,
0x0000020dfa7c8420, 0x0000020dfcd1a2d0, 0x0000020dfcea9930, 0x0000020dfdb0c2d0,
0x0000020dfe51d960, 0x0000020dfe566390, 0x0000020dfe7f4590, 0x0000020dfe68c560,
0x0000020dfe6e1e20, 0x0000020dfe6d3570, 0x0000020dfe6f8cf0, 0x0000020dfe73e4d0,
0x0000020dfe73f880, 0x0000020dfe73eb60, 0x0000020dfe73f1f0, 0x0000020dfe73d7b0,
0x0000020dfe73ff10, 0x0000020dfe73de40, 0x0000020dfe7405a0, 0x0000020ded4a9030,
0x0000020ded4a96c0, 0x0000020ded4ac4b0, 0x0000020ded4ad1d0, 0x0000020ded4a7c80,
0x0000020ded4ab100, 0x0000020ded4ae580, 0x0000020ded4aaa70, 0x0000020ded4a9d50,
0x0000020ded4aa3e0, 0x0000020ded4a89a0, 0x0000020ded4aec10, 0x0000020ded4ab790,
0x0000020ded4abe20, 0x0000020ded4acb40, 0x0000020ded4ad860, 0x0000020ded4adef0,
0x0000020ded4af2a0, 0x0000020dff3c0e90, 0x0000020dff3c49a0, 0x0000020dff3c4310,
0x0000020dff3c5030, 0x0000020dff3c1520, 0x0000020dff3c1bb0, 0x0000020dff3c2240,
0x0000020dff3c0170, 0x0000020dff3c35f0, 0x0000020dff3c2f60, 0x0000020dff3c0800,
0x0000020dff3c3c80, 0x0000020dff3c56c0, 0x0000020dff3c5d50, 0x0000020dff3bedc0,
0x0000020dff3c63e0, 0x0000020dff3bf450, 0x0000020def3804e0, 0x0000020def37fe50,
0x0000020def37af90, 0x0000020def37c340, 0x0000020def37a900, 0x0000020def37f7c0,
0x0000020def37bcb0, 0x0000020def381200, 0x0000020def37c9d0, 0x0000020def380b70,
0x0000020def37b620, 0x0000020def37d060
}

Java Threads: ( => current thread )
  0x0000020df313fcc0 JavaThread "main"                              [_thread_blocked, id=16760, stack(0x000000d9c1b00000,0x000000d9c1c00000) (1024K)]
  0x0000020dfa7a1b50 JavaThread "Reference Handler"          daemon [_thread_blocked, id=2456, stack(0x000000d9c2300000,0x000000d9c2400000) (1024K)]
  0x0000020dfa7a23b0 JavaThread "Finalizer"                  daemon [_thread_blocked, id=20748, stack(0x000000d9c2400000,0x000000d9c2500000) (1024K)]
  0x0000020dfa7a3630 JavaThread "Signal Dispatcher"          daemon [_thread_blocked, id=15512, stack(0x000000d9c2500000,0x000000d9c2600000) (1024K)]
  0x0000020dfa7a5ca0 JavaThread "Attach Listener"            daemon [_thread_blocked, id=20012, stack(0x000000d9c2600000,0x000000d9c2700000) (1024K)]
  0x0000020dfa7a6300 JavaThread "Service Thread"             daemon [_thread_blocked, id=8300, stack(0x000000d9c2700000,0x000000d9c2800000) (1024K)]
  0x0000020dfa7aa970 JavaThread "Monitor Deflation Thread"   daemon [_thread_blocked, id=21968, stack(0x000000d9c2800000,0x000000d9c2900000) (1024K)]
=>0x0000020dfa7ad6e0 JavaThread "C2 CompilerThread0"         daemon [_thread_in_native, id=20740, stack(0x000000d9c2900000,0x000000d9c2a00000) (1024K)]
  0x0000020dfa7c8420 JavaThread "C1 CompilerThread0"         daemon [_thread_blocked, id=18656, stack(0x000000d9c2a00000,0x000000d9c2b00000) (1024K)]
  0x0000020dfcd1a2d0 JavaThread "Common-Cleaner"             daemon [_thread_blocked, id=5476, stack(0x000000d9c2b00000,0x000000d9c2c00000) (1024K)]
  0x0000020dfcea9930 JavaThread "Notification Thread"        daemon [_thread_blocked, id=22084, stack(0x000000d9c2c00000,0x000000d9c2d00000) (1024K)]
  0x0000020dfdb0c2d0 JavaThread "Daemon health stats"               [_thread_blocked, id=8772, stack(0x000000d9c3000000,0x000000d9c3100000) (1024K)]
  0x0000020dfe51d960 JavaThread "Incoming local TCP Connector on port 51139"        [_thread_in_native, id=20808, stack(0x000000d9c3100000,0x000000d9c3200000) (1024K)]
  0x0000020dfe566390 JavaThread "Daemon periodic checks"            [_thread_blocked, id=21868, stack(0x000000d9c3200000,0x000000d9c3300000) (1024K)]
  0x0000020dfe7f4590 JavaThread "Daemon"                            [_thread_blocked, id=13416, stack(0x000000d9c3300000,0x000000d9c3400000) (1024K)]
  0x0000020dfe68c560 JavaThread "Handler for socket connection from /127.0.0.1:51139 to /127.0.0.1:51140"        [_thread_in_native, id=20428, stack(0x000000d9c3400000,0x000000d9c3500000) (1024K)]
  0x0000020dfe6e1e20 JavaThread "Cancel handler"                    [_thread_blocked, id=6272, stack(0x000000d9c3500000,0x000000d9c3600000) (1024K)]
  0x0000020dfe6d3570 JavaThread "Daemon worker"                     [_thread_blocked, id=2824, stack(0x000000d9c3600000,0x000000d9c3700000) (1024K)]
  0x0000020dfe6f8cf0 JavaThread "Asynchronous log dispatcher for DefaultDaemonConnection: socket connection from /127.0.0.1:51139 to /127.0.0.1:51140"        [_thread_blocked, id=21152, stack(0x000000d9c3700000,0x000000d9c3800000) (1024K)]
  0x0000020dfe73e4d0 JavaThread "Stdin handler"                     [_thread_blocked, id=18016, stack(0x000000d9c3800000,0x000000d9c3900000) (1024K)]
  0x0000020dfe73f880 JavaThread "Daemon client event forwarder"        [_thread_blocked, id=20736, stack(0x000000d9c3900000,0x000000d9c3a00000) (1024K)]
  0x0000020dfe73eb60 JavaThread "Cache worker for journal cache (C:\Users\user\.gradle\caches\journal-1)"        [_thread_blocked, id=7920, stack(0x000000d9c3a00000,0x000000d9c3b00000) (1024K)]
  0x0000020dfe73f1f0 JavaThread "File lock request listener"        [_thread_in_native, id=22096, stack(0x000000d9c3b00000,0x000000d9c3c00000) (1024K)]
  0x0000020dfe73d7b0 JavaThread "Cache worker for file hash cache (C:\Users\user\.gradle\caches\8.12\fileHashes)"        [_thread_blocked, id=21944, stack(0x000000d9c3c00000,0x000000d9c3d00000) (1024K)]
  0x0000020dfe73ff10 JavaThread "File lock release action executor"        [_thread_blocked, id=22028, stack(0x000000d9c3d00000,0x000000d9c3e00000) (1024K)]
  0x0000020dfe73de40 JavaThread "Cache worker for file hash cache (C:\appgestor\android\.gradle\8.12\fileHashes)"        [_thread_blocked, id=21436, stack(0x000000d9c3e00000,0x000000d9c3f00000) (1024K)]
  0x0000020dfe7405a0 JavaThread "Cache worker for Build Output Cleanup Cache (C:\appgestor\android\.gradle\buildOutputCleanup)"        [_thread_blocked, id=21584, stack(0x000000d9c3f00000,0x000000d9c4000000) (1024K)]
  0x0000020ded4a9030 JavaThread "File watcher server"        daemon [_thread_in_native, id=18076, stack(0x000000d9c4000000,0x000000d9c4100000) (1024K)]
  0x0000020ded4a96c0 JavaThread "File watcher consumer"      daemon [_thread_blocked, id=17928, stack(0x000000d9c4100000,0x000000d9c4200000) (1024K)]
  0x0000020ded4ac4b0 JavaThread "jar transforms"                    [_thread_blocked, id=19356, stack(0x000000d9c4200000,0x000000d9c4300000) (1024K)]
  0x0000020ded4ad1d0 JavaThread "jar transforms Thread 2"           [_thread_blocked, id=3012, stack(0x000000d9c4300000,0x000000d9c4400000) (1024K)]
  0x0000020ded4a7c80 JavaThread "jar transforms Thread 3"           [_thread_blocked, id=7272, stack(0x000000d9c4400000,0x000000d9c4500000) (1024K)]
  0x0000020ded4ab100 JavaThread "jar transforms Thread 4"           [_thread_blocked, id=4232, stack(0x000000d9c4500000,0x000000d9c4600000) (1024K)]
  0x0000020ded4ae580 JavaThread "Cache worker for checksums cache (C:\appgestor\android\.gradle\8.12\checksums)"        [_thread_blocked, id=20820, stack(0x000000d9c4600000,0x000000d9c4700000) (1024K)]
  0x0000020ded4aaa70 JavaThread "Cache worker for file content cache (C:\Users\user\.gradle\caches\8.12\fileContent)"        [_thread_blocked, id=16436, stack(0x000000d9c4700000,0x000000d9c4800000) (1024K)]
  0x0000020ded4a9d50 JavaThread "Cache worker for cache directory md-rule (C:\Users\user\.gradle\caches\8.12\md-rule)"        [_thread_blocked, id=19948, stack(0x000000d9c4800000,0x000000d9c4900000) (1024K)]
  0x0000020ded4aa3e0 JavaThread "Cache worker for cache directory md-supplier (C:\Users\user\.gradle\caches\8.12\md-supplier)"        [_thread_blocked, id=17548, stack(0x000000d9c4900000,0x000000d9c4a00000) (1024K)]
  0x0000020ded4a89a0 JavaThread "Cache worker for Build Output Cleanup Cache (C:\src\flutter\packages\flutter_tools\gradle\.gradle\buildOutputCleanup)"        [_thread_blocked, id=22024, stack(0x000000d9c4a00000,0x000000d9c4b00000) (1024K)]
  0x0000020ded4aec10 JavaThread "Unconstrained build operations"        [_thread_blocked, id=5436, stack(0x000000d9c4b00000,0x000000d9c4c00000) (1024K)]
  0x0000020ded4ab790 JavaThread "Unconstrained build operations Thread 2"        [_thread_blocked, id=19392, stack(0x000000d9c4c00000,0x000000d9c4d00000) (1024K)]
  0x0000020ded4abe20 JavaThread "Unconstrained build operations Thread 3"        [_thread_blocked, id=22152, stack(0x000000d9c4d00000,0x000000d9c4e00000) (1024K)]
  0x0000020ded4acb40 JavaThread "Unconstrained build operations Thread 4"        [_thread_blocked, id=22188, stack(0x000000d9c1900000,0x000000d9c1a00000) (1024K)]
  0x0000020ded4ad860 JavaThread "Unconstrained build operations Thread 5"        [_thread_blocked, id=14788, stack(0x000000d9c1a00000,0x000000d9c1b00000) (1024K)]
  0x0000020ded4adef0 JavaThread "Unconstrained build operations Thread 6"        [_thread_blocked, id=21848, stack(0x000000d9c4e00000,0x000000d9c4f00000) (1024K)]
  0x0000020ded4af2a0 JavaThread "Unconstrained build operations Thread 7"        [_thread_blocked, id=5860, stack(0x000000d9c4f00000,0x000000d9c5000000) (1024K)]
  0x0000020dff3c0e90 JavaThread "Unconstrained build operations Thread 8"        [_thread_blocked, id=18144, stack(0x000000d9c5000000,0x000000d9c5100000) (1024K)]
  0x0000020dff3c49a0 JavaThread "Unconstrained build operations Thread 9"        [_thread_blocked, id=19628, stack(0x000000d9c5100000,0x000000d9c5200000) (1024K)]
  0x0000020dff3c4310 JavaThread "Memory manager"                    [_thread_blocked, id=21948, stack(0x000000d9c5200000,0x000000d9c5300000) (1024K)]
  0x0000020dff3c5030 JavaThread "build event listener"              [_thread_blocked, id=22312, stack(0x000000d9c5300000,0x000000d9c5400000) (1024K)]
  0x0000020dff3c1520 JavaThread "included builds"                   [_thread_blocked, id=4500, stack(0x000000d9c5500000,0x000000d9c5600000) (1024K)]
  0x0000020dff3c1bb0 JavaThread "Execution worker"                  [_thread_blocked, id=22020, stack(0x000000d9c5600000,0x000000d9c5700000) (1024K)]
  0x0000020dff3c2240 JavaThread "Execution worker Thread 2"         [_thread_blocked, id=21732, stack(0x000000d9c5700000,0x000000d9c5800000) (1024K)]
  0x0000020dff3c0170 JavaThread "Execution worker Thread 3"         [_thread_blocked, id=2848, stack(0x000000d9c5800000,0x000000d9c5900000) (1024K)]
  0x0000020dff3c35f0 JavaThread "Cache worker for execution history cache (C:\src\flutter\packages\flutter_tools\gradle\.gradle\8.12\executionHistory)"        [_thread_blocked, id=5628, stack(0x000000d9c5900000,0x000000d9c5a00000) (1024K)]
  0x0000020dff3c2f60 JavaThread "Unconstrained build operations Thread 10"        [_thread_blocked, id=15348, stack(0x000000d9c5a00000,0x000000d9c5b00000) (1024K)]
  0x0000020dff3c0800 JavaThread "Unconstrained build operations Thread 11"        [_thread_blocked, id=9152, stack(0x000000d9c5b00000,0x000000d9c5c00000) (1024K)]
  0x0000020dff3c3c80 JavaThread "Unconstrained build operations Thread 12"        [_thread_blocked, id=21448, stack(0x000000d9c5c00000,0x000000d9c5d00000) (1024K)]
  0x0000020dff3c56c0 JavaThread "Unconstrained build operations Thread 13"        [_thread_blocked, id=8976, stack(0x000000d9c5d00000,0x000000d9c5e00000) (1024K)]
  0x0000020dff3c5d50 JavaThread "Unconstrained build operations Thread 14"        [_thread_blocked, id=9144, stack(0x000000d9c5e00000,0x000000d9c5f00000) (1024K)]
  0x0000020dff3bedc0 JavaThread "Unconstrained build operations Thread 15"        [_thread_blocked, id=13692, stack(0x000000d9c5f00000,0x000000d9c6000000) (1024K)]
  0x0000020dff3c63e0 JavaThread "Unconstrained build operations Thread 16"        [_thread_blocked, id=9032, stack(0x000000d9c6000000,0x000000d9c6100000) (1024K)]
  0x0000020dff3bf450 JavaThread "Unconstrained build operations Thread 17"        [_thread_blocked, id=2040, stack(0x000000d9c6100000,0x000000d9c6200000) (1024K)]
  0x0000020def3804e0 JavaThread "Unconstrained build operations Thread 18"        [_thread_blocked, id=6012, stack(0x000000d9c6200000,0x000000d9c6300000) (1024K)]
  0x0000020def37fe50 JavaThread "Unconstrained build operations Thread 19"        [_thread_blocked, id=21432, stack(0x000000d9c6300000,0x000000d9c6400000) (1024K)]
  0x0000020def37af90 JavaThread "Unconstrained build operations Thread 20"        [_thread_blocked, id=19540, stack(0x000000d9c6400000,0x000000d9c6500000) (1024K)]
  0x0000020def37c340 JavaThread "Unconstrained build operations Thread 21"        [_thread_blocked, id=17488, stack(0x000000d9c6500000,0x000000d9c6600000) (1024K)]
  0x0000020def37a900 JavaThread "Unconstrained build operations Thread 22"        [_thread_blocked, id=16916, stack(0x000000d9c6600000,0x000000d9c6700000) (1024K)]
  0x0000020def37f7c0 JavaThread "Unconstrained build operations Thread 23"        [_thread_blocked, id=21544, stack(0x000000d9c6700000,0x000000d9c6800000) (1024K)]
  0x0000020def37bcb0 JavaThread "Unconstrained build operations Thread 24"        [_thread_blocked, id=5504, stack(0x000000d9c6800000,0x000000d9c6900000) (1024K)]
  0x0000020def381200 JavaThread "Unconstrained build operations Thread 25"        [_thread_blocked, id=22052, stack(0x000000d9c6900000,0x000000d9c6a00000) (1024K)]
  0x0000020def37c9d0 JavaThread "Unconstrained build operations Thread 26"        [_thread_blocked, id=1248, stack(0x000000d9c6a00000,0x000000d9c6b00000) (1024K)]
  0x0000020def380b70 JavaThread "Unconstrained build operations Thread 27"        [_thread_blocked, id=13808, stack(0x000000d9c6b00000,0x000000d9c6c00000) (1024K)]
  0x0000020def37b620 JavaThread "Unconstrained build operations Thread 28"        [_thread_in_native, id=8340, stack(0x000000d9c6c00000,0x000000d9c6d00000) (1024K)]
  0x0000020def37d060 JavaThread "Unconstrained build operations Thread 29"        [_thread_blocked, id=19584, stack(0x000000d9c6d00000,0x000000d9c6e00000) (1024K)]
Total: 74

Other Threads:
  0x0000020dfa788450 VMThread "VM Thread"                           [id=7172, stack(0x000000d9c2200000,0x000000d9c2300000) (1024K)]
  0x0000020dfa772ac0 WatcherThread "VM Periodic Task Thread"        [id=2392, stack(0x000000d9c2100000,0x000000d9c2200000) (1024K)]
  0x0000020dfa641120 WorkerThread "GC Thread#0"                     [id=2100, stack(0x000000d9c1c00000,0x000000d9c1d00000) (1024K)]
  0x0000020dfcf00180 WorkerThread "GC Thread#1"                     [id=16440, stack(0x000000d9c2d00000,0x000000d9c2e00000) (1024K)]
  0x0000020dfcf191f0 WorkerThread "GC Thread#2"                     [id=3452, stack(0x000000d9c2e00000,0x000000d9c2f00000) (1024K)]
  0x0000020dfd9970a0 WorkerThread "GC Thread#3"                     [id=21116, stack(0x000000d9c2f00000,0x000000d9c3000000) (1024K)]
  0x0000020df5393110 ConcurrentGCThread "G1 Main Marker"            [id=17444, stack(0x000000d9c1d00000,0x000000d9c1e00000) (1024K)]
  0x0000020df5393ab0 WorkerThread "G1 Conc#0"                       [id=19472, stack(0x000000d9c1e00000,0x000000d9c1f00000) (1024K)]
  0x0000020df53b6370 ConcurrentGCThread "G1 Refine#0"               [id=18968, stack(0x000000d9c1f00000,0x000000d9c2000000) (1024K)]
  0x0000020df53b9790 ConcurrentGCThread "G1 Service"                [id=22452, stack(0x000000d9c2000000,0x000000d9c2100000) (1024K)]
Total: 10

Threads with active compile tasks:
C2 CompilerThread0  98581 10712       4       javax.management.ObjectName::construct (1135 bytes)
Total: 1

VM state: not at safepoint (normal execution)

VM Mutex/Monitor currently owned by a thread: None

Heap address: 0x0000000600000000, size: 8192 MB, Compressed Oops mode: Zero based, Oop shift amount: 3

CDS archive(s) mapped at: [0x0000020da8000000-0x0000020da8ba0000-0x0000020da8ba0000), size 12189696, SharedBaseAddress: 0x0000020da8000000, ArchiveRelocationMode: 1.
Compressed class space mapped at: 0x0000020da9000000-0x0000020de9000000, reserved size: 1073741824
Narrow klass base: 0x0000020da8000000, Narrow klass shift: 0, Narrow klass range: 0x100000000

GC Precious Log:
 CardTable entry size: 512
 Card Set container configuration: InlinePtr #cards 4 size 8 Array Of Cards #cards 32 size 80 Howl #buckets 8 coarsen threshold 7372 Howl Bitmap #cards 1024 size 144 coarsen threshold 921 Card regions per heap region 1 cards per card region 8192
 CPUs: 4 total, 4 available
 Memory: 3972M
 Large Page Support: Disabled
 NUMA Support: Disabled
 Compressed Oops: Enabled (Zero based)
 Heap Region Size: 4M
 Heap Min Capacity: 8M
 Heap Initial Capacity: 64M
 Heap Max Capacity: 8G
 Pre-touch: Disabled
 Parallel Workers: 4
 Concurrent Workers: 1
 Concurrent Refinement Workers: 4
 Periodic GC: Disabled

Heap:
 garbage-first heap   total 139264K, used 88890K [0x0000000600000000, 0x0000000800000000)
  region size 4096K, 6 young (24576K), 2 survivors (8192K)
 Metaspace       used 76339K, committed 78528K, reserved 1179648K
  class space    used 11130K, committed 12224K, reserved 1048576K

Heap Regions: E=young(eden), S=young(survivor), O=old, HS=humongous(starts), HC=humongous(continues), CS=collection set, F=free, TAMS=top-at-mark-start, PB=parsable bottom
|   0|0x0000000600000000, 0x0000000600400000, 0x0000000600400000|100%|HS|  |TAMS 0x0000000600000000| PB 0x0000000600000000| Complete 
|   1|0x0000000600400000, 0x0000000600800000, 0x0000000600800000|100%| O|  |TAMS 0x0000000600400000| PB 0x0000000600400000| Untracked 
|   2|0x0000000600800000, 0x0000000600c00000, 0x0000000600c00000|100%| O|  |TAMS 0x0000000600800000| PB 0x0000000600800000| Untracked 
|   3|0x0000000600c00000, 0x0000000601000000, 0x0000000601000000|100%| O|  |TAMS 0x0000000600c00000| PB 0x0000000600c00000| Untracked 
|   4|0x0000000601000000, 0x0000000601400000, 0x0000000601400000|100%| O|  |TAMS 0x0000000601000000| PB 0x0000000601000000| Untracked 
|   5|0x0000000601400000, 0x0000000601800000, 0x0000000601800000|100%| O|  |TAMS 0x0000000601400000| PB 0x0000000601400000| Untracked 
|   6|0x0000000601800000, 0x0000000601c00000, 0x0000000601c00000|100%| O|  |TAMS 0x0000000601800000| PB 0x0000000601800000| Untracked 
|   7|0x0000000601c00000, 0x0000000602000000, 0x0000000602000000|100%| O|  |TAMS 0x0000000601c00000| PB 0x0000000601c00000| Untracked 
|   8|0x0000000602000000, 0x0000000602400000, 0x0000000602400000|100%| O|  |TAMS 0x0000000602000000| PB 0x0000000602000000| Untracked 
|   9|0x0000000602400000, 0x0000000602800000, 0x0000000602800000|100%| O|  |TAMS 0x0000000602400000| PB 0x0000000602400000| Untracked 
|  10|0x0000000602800000, 0x0000000602c00000, 0x0000000602c00000|100%| O|  |TAMS 0x0000000602800000| PB 0x0000000602800000| Untracked 
|  11|0x0000000602c00000, 0x0000000603000000, 0x0000000603000000|100%| O|  |TAMS 0x0000000602c00000| PB 0x0000000602c00000| Untracked 
|  12|0x0000000603000000, 0x0000000603400000, 0x0000000603400000|100%|HS|  |TAMS 0x0000000603000000| PB 0x0000000603000000| Complete 
|  13|0x0000000603400000, 0x0000000603800000, 0x0000000603800000|100%| O|  |TAMS 0x0000000603400000| PB 0x0000000603400000| Untracked 
|  14|0x0000000603800000, 0x0000000603c00000, 0x0000000603c00000|100%| O|  |TAMS 0x0000000603800000| PB 0x0000000603800000| Untracked 
|  15|0x0000000603c00000, 0x0000000604000000, 0x0000000604000000|100%|HS|  |TAMS 0x0000000603c00000| PB 0x0000000603c00000| Complete 
|  16|0x0000000604000000, 0x0000000604400000, 0x0000000604400000|100%| O|  |TAMS 0x0000000604000000| PB 0x0000000604000000| Untracked 
|  17|0x0000000604400000, 0x0000000604545e10, 0x0000000604800000| 31%| O|  |TAMS 0x0000000604400000| PB 0x0000000604400000| Untracked 
|  18|0x0000000604800000, 0x0000000604800000, 0x0000000604c00000|  0%| F|  |TAMS 0x0000000604800000| PB 0x0000000604800000| Untracked 
|  19|0x0000000604c00000, 0x0000000604c00000, 0x0000000605000000|  0%| F|  |TAMS 0x0000000604c00000| PB 0x0000000604c00000| Untracked 
|  20|0x0000000605000000, 0x0000000605188ac0, 0x0000000605400000| 38%| S|CS|TAMS 0x0000000605000000| PB 0x0000000605000000| Complete 
|  21|0x0000000605400000, 0x0000000605800000, 0x0000000605800000|100%| S|CS|TAMS 0x0000000605400000| PB 0x0000000605400000| Complete 
|  22|0x0000000605800000, 0x0000000605800000, 0x0000000605c00000|  0%| F|  |TAMS 0x0000000605800000| PB 0x0000000605800000| Untracked 
|  23|0x0000000605c00000, 0x0000000605c00000, 0x0000000606000000|  0%| F|  |TAMS 0x0000000605c00000| PB 0x0000000605c00000| Untracked 
|  24|0x0000000606000000, 0x0000000606000000, 0x0000000606400000|  0%| F|  |TAMS 0x0000000606000000| PB 0x0000000606000000| Untracked 
|  25|0x0000000606400000, 0x0000000606400000, 0x0000000606800000|  0%| F|  |TAMS 0x0000000606400000| PB 0x0000000606400000| Untracked 
|  26|0x0000000606800000, 0x0000000606800000, 0x0000000606c00000|  0%| F|  |TAMS 0x0000000606800000| PB 0x0000000606800000| Untracked 
|  27|0x0000000606c00000, 0x0000000606c00000, 0x0000000607000000|  0%| F|  |TAMS 0x0000000606c00000| PB 0x0000000606c00000| Untracked 
|  28|0x0000000607000000, 0x00000006073a9e38, 0x0000000607400000| 91%| E|  |TAMS 0x0000000607000000| PB 0x0000000607000000| Complete 
|  29|0x0000000607400000, 0x0000000607800000, 0x0000000607800000|100%| E|CS|TAMS 0x0000000607400000| PB 0x0000000607400000| Complete 
|  30|0x0000000607800000, 0x0000000607c00000, 0x0000000607c00000|100%| E|CS|TAMS 0x0000000607800000| PB 0x0000000607800000| Complete 
|  31|0x0000000607c00000, 0x0000000608000000, 0x0000000608000000|100%| E|CS|TAMS 0x0000000607c00000| PB 0x0000000607c00000| Complete 
|  32|0x0000000608000000, 0x0000000608000000, 0x0000000608400000|  0%| F|  |TAMS 0x0000000608000000| PB 0x0000000608000000| Untracked 
|  33|0x0000000608400000, 0x0000000608400000, 0x0000000608800000|  0%| F|  |TAMS 0x0000000608400000| PB 0x0000000608400000| Untracked 

Card table byte_map: [0x0000020df9600000,0x0000020dfa600000] _byte_map_base: 0x0000020df6600000

Marking Bits: (CMBitMap*) 0x0000020dfa6416c0
 Bits: [0x0000020da0000000, 0x0000020da8000000)

Polling page: 0x0000020df30a0000

Metaspace:

Usage:
  Non-class:     63.68 MB used.
      Class:     10.87 MB used.
       Both:     74.55 MB used.

Virtual space:
  Non-class space:      128.00 MB reserved,      64.75 MB ( 51%) committed,  2 nodes.
      Class space:        1.00 GB reserved,      11.94 MB (  1%) committed,  1 nodes.
             Both:        1.12 GB reserved,      76.69 MB (  7%) committed. 

Chunk freelists:
   Non-Class:  14.53 MB
       Class:  4.10 MB
        Both:  18.63 MB

MaxMetaspaceSize: 4.00 GB
CompressedClassSpaceSize: 1.00 GB
Initial GC threshold: 21.00 MB
Current GC threshold: 127.81 MB
CDS: on
 - commit_granule_bytes: 65536.
 - commit_granule_words: 8192.
 - virtual_space_node_default_size: 8388608.
 - enlarge_chunks_in_place: 1.
 - use_allocation_guard: 0.


Internal statistics:

num_allocs_failed_limit: 6.
num_arena_births: 3916.
num_arena_deaths: 0.
num_vsnodes_births: 3.
num_vsnodes_deaths: 0.
num_space_committed: 1227.
num_space_uncommitted: 0.
num_chunks_returned_to_freelist: 6.
num_chunks_taken_from_freelist: 7660.
num_chunk_merges: 6.
num_chunk_splits: 4872.
num_chunks_enlarged: 2927.
num_inconsistent_stats: 0.

CodeHeap 'non-profiled nmethods': size=259264Kb used=4891Kb max_used=5079Kb free=254372Kb
 bounds [0x0000020d902d0000, 0x0000020d907d0000, 0x0000020da0000000]
CodeHeap 'profiled nmethods': size=259264Kb used=17222Kb max_used=17531Kb free=242041Kb
 bounds [0x0000020d80000000, 0x0000020d81120000, 0x0000020d8fd30000]
CodeHeap 'non-nmethods': size=5760Kb used=2829Kb max_used=2881Kb free=2930Kb
 bounds [0x0000020d8fd30000, 0x0000020d90010000, 0x0000020d902d0000]
CodeCache: size=524288Kb, used=24942Kb, max_used=25491Kb, free=499343Kb
 total_blobs=10156, nmethods=9217, adapters=843, full_count=0
Compilation: enabled, stopped_count=0, restarted_count=0

Compilation events (20 events):
Event: 89.040 Thread 0x0000020dfa7ad6e0 nmethod 10702 0x0000020d9069ad90 code [0x0000020d9069afe0, 0x0000020d9069bdd8]
Event: 89.040 Thread 0x0000020dfa7ad6e0 10700       4       com.google.common.cache.LocalCache$Segment::expireEntries (113 bytes)
Event: 89.045 Thread 0x0000020dfa7ad6e0 nmethod 10700 0x0000020d9034d210 code [0x0000020d9034d3e0, 0x0000020d9034d658]
Event: 89.045 Thread 0x0000020dfa7ad6e0 10701   !   4       com.google.common.cache.LocalCache$Segment::runLockedCleanup (39 bytes)
Event: 89.056 Thread 0x0000020dfa7ad6e0 nmethod 10701 0x0000020d905fd190 code [0x0000020d905fd3e0, 0x0000020d905fdac0]
Event: 89.138 Thread 0x0000020dfa7c8420 10707       3       com.google.common.io.ByteStreams$1::write (15 bytes)
Event: 89.138 Thread 0x0000020dfa7c8420 nmethod 10707 0x0000020d80d5b410 code [0x0000020d80d5b5e0, 0x0000020d80d5b890]
Event: 93.161 Thread 0x0000020dfa7ad6e0 10708   !   4       java.util.concurrent.LinkedBlockingQueue::poll (128 bytes)
Event: 93.185 Thread 0x0000020dfa7ad6e0 nmethod 10708 0x0000020d90535b10 code [0x0000020d90535da0, 0x0000020d90536c80]
Event: 93.185 Thread 0x0000020dfa7ad6e0 10709       4       org.gradle.launcher.daemon.server.exec.DaemonConnectionBackedEventConsumer$ForwardEvents::moreMessagesToSend (35 bytes)
Event: 93.186 Thread 0x0000020dfa7ad6e0 nmethod 10709 0x0000020d902dd790 code [0x0000020d902dd920, 0x0000020d902dd9f0]
Event: 93.186 Thread 0x0000020dfa7ad6e0 10710   !   4       org.gradle.launcher.daemon.server.exec.DaemonConnectionBackedEventConsumer$ForwardEvents::getNextEvent (27 bytes)
Event: 93.187 Thread 0x0000020dfa7ad6e0 nmethod 10710 0x0000020d902dd310 code [0x0000020d902dd4c0, 0x0000020d902dd600]
Event: 93.771 Thread 0x0000020dfa7ad6e0 10711       4       java.util.concurrent.locks.ReentrantLock$NonfairSync::tryAcquire (27 bytes)
Event: 93.773 Thread 0x0000020dfa7ad6e0 nmethod 10711 0x0000020d90458610 code [0x0000020d904587a0, 0x0000020d90458928]
Event: 97.863 Thread 0x0000020dfa7ad6e0 10712       4       javax.management.ObjectName::construct (1135 bytes)
Event: 97.903 Thread 0x0000020dfa7c8420 10713       3       com.google.common.base.Joiner::toString (24 bytes)
Event: 97.904 Thread 0x0000020dfa7c8420 nmethod 10713 0x0000020d8019a590 code [0x0000020d8019a780, 0x0000020d8019ad20]
Event: 97.904 Thread 0x0000020dfa7c8420 10714       3       java.util.Formatter$FormatSpecifier::printString (97 bytes)
Event: 97.907 Thread 0x0000020dfa7c8420 nmethod 10714 0x0000020d8066d890 code [0x0000020d8066db60, 0x0000020d8066ea30]

GC Heap History (20 events):
Event: 65.493 GC heap before
{Heap before GC invocations=38 (full 0):
 garbage-first heap   total 98304K, used 72704K [0x0000000600000000, 0x0000000800000000)
  region size 4096K, 5 young (20480K), 1 survivors (4096K)
 Metaspace       used 59283K, committed 61312K, reserved 1114112K
  class space    used 8723K, committed 9728K, reserved 1048576K
}
Event: 65.503 GC heap after
{Heap after GC invocations=39 (full 0):
 garbage-first heap   total 98304K, used 58185K [0x0000000600000000, 0x0000000800000000)
  region size 4096K, 1 young (4096K), 1 survivors (4096K)
 Metaspace       used 59283K, committed 61312K, reserved 1114112K
  class space    used 8723K, committed 9728K, reserved 1048576K
}
Event: 66.111 GC heap before
{Heap before GC invocations=39 (full 0):
 garbage-first heap   total 98304K, used 78665K [0x0000000600000000, 0x0000000800000000)
  region size 4096K, 6 young (24576K), 1 survivors (4096K)
 Metaspace       used 61503K, committed 63552K, reserved 1114112K
  class space    used 9013K, committed 10048K, reserved 1048576K
}
Event: 66.115 GC heap after
{Heap after GC invocations=40 (full 0):
 garbage-first heap   total 98304K, used 58367K [0x0000000600000000, 0x0000000800000000)
  region size 4096K, 1 young (4096K), 1 survivors (4096K)
 Metaspace       used 61503K, committed 63552K, reserved 1114112K
  class space    used 9013K, committed 10048K, reserved 1048576K
}
Event: 67.167 GC heap before
{Heap before GC invocations=41 (full 0):
 garbage-first heap   total 102400K, used 78847K [0x0000000600000000, 0x0000000800000000)
  region size 4096K, 6 young (24576K), 1 survivors (4096K)
 Metaspace       used 63937K, committed 65920K, reserved 1114112K
  class space    used 9331K, committed 10304K, reserved 1048576K
}
Event: 67.177 GC heap after
{Heap after GC invocations=42 (full 0):
 garbage-first heap   total 102400K, used 59488K [0x0000000600000000, 0x0000000800000000)
  region size 4096K, 1 young (4096K), 1 survivors (4096K)
 Metaspace       used 63937K, committed 65920K, reserved 1114112K
  class space    used 9331K, committed 10304K, reserved 1048576K
}
Event: 68.178 GC heap before
{Heap before GC invocations=42 (full 0):
 garbage-first heap   total 102400K, used 84064K [0x0000000600000000, 0x0000000800000000)
  region size 4096K, 7 young (28672K), 1 survivors (4096K)
 Metaspace       used 65759K, committed 67776K, reserved 1114112K
  class space    used 9571K, committed 10560K, reserved 1048576K
}
Event: 68.190 GC heap after
{Heap after GC invocations=43 (full 0):
 garbage-first heap   total 102400K, used 59906K [0x0000000600000000, 0x0000000800000000)
  region size 4096K, 1 young (4096K), 1 survivors (4096K)
 Metaspace       used 65759K, committed 67776K, reserved 1114112K
  class space    used 9571K, committed 10560K, reserved 1048576K
}
Event: 68.599 GC heap before
{Heap before GC invocations=43 (full 0):
 garbage-first heap   total 102400K, used 72194K [0x0000000600000000, 0x0000000800000000)
  region size 4096K, 5 young (20480K), 1 survivors (4096K)
 Metaspace       used 66676K, committed 68672K, reserved 1114112K
  class space    used 9697K, committed 10688K, reserved 1048576K
}
Event: 68.607 GC heap after
{Heap after GC invocations=44 (full 0):
 garbage-first heap   total 122880K, used 60492K [0x0000000600000000, 0x0000000800000000)
  region size 4096K, 1 young (4096K), 1 survivors (4096K)
 Metaspace       used 66676K, committed 68672K, reserved 1114112K
  class space    used 9697K, committed 10688K, reserved 1048576K
}
Event: 70.814 GC heap before
{Heap before GC invocations=45 (full 0):
 garbage-first heap   total 122880K, used 105548K [0x0000000600000000, 0x0000000800000000)
  region size 4096K, 11 young (45056K), 1 survivors (4096K)
 Metaspace       used 69275K, committed 71296K, reserved 1114112K
  class space    used 10078K, committed 11072K, reserved 1048576K
}
Event: 70.827 GC heap after
{Heap after GC invocations=46 (full 0):
 garbage-first heap   total 122880K, used 66064K [0x0000000600000000, 0x0000000800000000)
  region size 4096K, 1 young (4096K), 1 survivors (4096K)
 Metaspace       used 69275K, committed 71296K, reserved 1114112K
  class space    used 10078K, committed 11072K, reserved 1048576K
}
Event: 72.595 GC heap before
{Heap before GC invocations=46 (full 0):
 garbage-first heap   total 122880K, used 102928K [0x0000000600000000, 0x0000000800000000)
  region size 4096K, 10 young (40960K), 1 survivors (4096K)
 Metaspace       used 71450K, committed 73536K, reserved 1114112K
  class space    used 10378K, committed 11392K, reserved 1048576K
}
Event: 72.657 GC heap after
{Heap after GC invocations=47 (full 0):
 garbage-first heap   total 122880K, used 68379K [0x0000000600000000, 0x0000000800000000)
  region size 4096K, 2 young (8192K), 2 survivors (8192K)
 Metaspace       used 71450K, committed 73536K, reserved 1114112K
  class space    used 10378K, committed 11392K, reserved 1048576K
}
Event: 74.388 GC heap before
{Heap before GC invocations=47 (full 0):
 garbage-first heap   total 122880K, used 97051K [0x0000000600000000, 0x0000000800000000)
  region size 4096K, 10 young (40960K), 2 survivors (8192K)
 Metaspace       used 74290K, committed 76416K, reserved 1114112K
  class space    used 10856K, committed 11904K, reserved 1048576K
}
Event: 74.441 GC heap after
{Heap after GC invocations=48 (full 0):
 garbage-first heap   total 122880K, used 71218K [0x0000000600000000, 0x0000000800000000)
  region size 4096K, 2 young (8192K), 2 survivors (8192K)
 Metaspace       used 74290K, committed 76416K, reserved 1114112K
  class space    used 10856K, committed 11904K, reserved 1048576K
}
Event: 76.359 GC heap before
{Heap before GC invocations=49 (full 0):
 garbage-first heap   total 131072K, used 95794K [0x0000000600000000, 0x0000000800000000)
  region size 4096K, 8 young (32768K), 2 survivors (8192K)
 Metaspace       used 75627K, committed 77824K, reserved 1179648K
  class space    used 11097K, committed 12224K, reserved 1048576K
}
Event: 76.382 GC heap after
{Heap after GC invocations=50 (full 0):
 garbage-first heap   total 131072K, used 73334K [0x0000000600000000, 0x0000000800000000)
  region size 4096K, 1 young (4096K), 1 survivors (4096K)
 Metaspace       used 75627K, committed 77824K, reserved 1179648K
  class space    used 11097K, committed 12224K, reserved 1048576K
}
Event: 80.606 GC heap before
{Heap before GC invocations=50 (full 0):
 garbage-first heap   total 131072K, used 106102K [0x0000000600000000, 0x0000000800000000)
  region size 4096K, 10 young (40960K), 1 survivors (4096K)
 Metaspace       used 76270K, committed 78464K, reserved 1179648K
  class space    used 11128K, committed 12224K, reserved 1048576K
}
Event: 80.808 GC heap after
{Heap after GC invocations=51 (full 0):
 garbage-first heap   total 131072K, used 76602K [0x0000000600000000, 0x0000000800000000)
  region size 4096K, 2 young (8192K), 2 survivors (8192K)
 Metaspace       used 76270K, committed 78464K, reserved 1179648K
  class space    used 11128K, committed 12224K, reserved 1048576K
}

Dll operation events (15 events):
Event: 0.035 Loaded shared library C:\Users\user\.vscode\extensions\redhat.java-1.46.0-win32-x64\jre\21.0.8-win32-x86_64\bin\java.dll
Event: 0.342 Loaded shared library C:\Users\user\.vscode\extensions\redhat.java-1.46.0-win32-x64\jre\21.0.8-win32-x86_64\bin\zip.dll
Event: 0.469 Loaded shared library C:\Users\user\.vscode\extensions\redhat.java-1.46.0-win32-x64\jre\21.0.8-win32-x86_64\bin\instrument.dll
Event: 0.486 Loaded shared library C:\Users\user\.vscode\extensions\redhat.java-1.46.0-win32-x64\jre\21.0.8-win32-x86_64\bin\net.dll
Event: 0.507 Loaded shared library C:\Users\user\.vscode\extensions\redhat.java-1.46.0-win32-x64\jre\21.0.8-win32-x86_64\bin\nio.dll
Event: 0.514 Loaded shared library C:\Users\user\.vscode\extensions\redhat.java-1.46.0-win32-x64\jre\21.0.8-win32-x86_64\bin\zip.dll
Event: 1.466 Loaded shared library C:\Users\user\.vscode\extensions\redhat.java-1.46.0-win32-x64\jre\21.0.8-win32-x86_64\bin\jimage.dll
Event: 2.562 Loaded shared library C:\Users\user\.vscode\extensions\redhat.java-1.46.0-win32-x64\jre\21.0.8-win32-x86_64\bin\verify.dll
Event: 3.210 Loaded shared library C:\Users\user\.gradle\native\1def1411415f61bf3af743bc5b6707747c0891f09f0c88961ee8f79bc544acac\windows-amd64\native-platform.dll
Event: 3.230 Loaded shared library C:\Users\user\.gradle\native\0.2.5\x86_64-windows-gnu\gradle-fileevents.dll
Event: 6.713 Loaded shared library C:\Users\user\.vscode\extensions\redhat.java-1.46.0-win32-x64\jre\21.0.8-win32-x86_64\bin\management.dll
Event: 6.725 Loaded shared library C:\Users\user\.vscode\extensions\redhat.java-1.46.0-win32-x64\jre\21.0.8-win32-x86_64\bin\management_ext.dll
Event: 7.516 Loaded shared library C:\Users\user\.vscode\extensions\redhat.java-1.46.0-win32-x64\jre\21.0.8-win32-x86_64\bin\extnet.dll
Event: 7.999 Loaded shared library C:\Users\user\.vscode\extensions\redhat.java-1.46.0-win32-x64\jre\21.0.8-win32-x86_64\bin\sunmscapi.dll
Event: 11.093 Loaded shared library C:\Users\user\AppData\Local\Temp\native-platform17410960766323983621dir\gradle-fileevents.dll

Deoptimization events (20 events):
Event: 80.937 Thread 0x0000020dfe6d3570 Uncommon trap: trap_request=0xffffffbe fr.pc=0x0000020d90783570 relative=0x0000000000003990
Event: 80.937 Thread 0x0000020dfe6d3570 Uncommon trap: reason=profile_predicate action=maybe_recompile pc=0x0000020d90783570 method=org.gradle.tooling.internal.provider.runner.ClientBuildEventGenerator.started(Lorg/gradle/internal/operations/BuildOperationDescriptor;Lorg/gradle/internal/operati
Event: 80.937 Thread 0x0000020dfe6d3570 DEOPT PACKING pc=0x0000020d90783570 sp=0x000000d9c36f5760
Event: 80.937 Thread 0x0000020dfe6d3570 DEOPT UNPACKING pc=0x0000020d8fd846a2 sp=0x000000d9c36f5758 mode 2
Event: 81.303 Thread 0x0000020def381200 Uncommon trap: trap_request=0xfffffff4 fr.pc=0x0000020d9079596c relative=0x0000000000003b6c
Event: 81.303 Thread 0x0000020def381200 Uncommon trap: reason=null_check action=make_not_entrant pc=0x0000020d9079596c method=org.gradle.tooling.internal.provider.runner.ClientBuildEventGenerator$Disabled.accept(Lorg/gradle/internal/operations/BuildOperationDescriptor;)Lorg/gradle/tooling/inter
Event: 81.303 Thread 0x0000020dfe6d3570 Uncommon trap: trap_request=0xfffffff4 fr.pc=0x0000020d9079596c relative=0x0000000000003b6c
Event: 81.303 Thread 0x0000020def381200 DEOPT PACKING pc=0x0000020d9079596c sp=0x000000d9c69fe4d0
Event: 81.303 Thread 0x0000020dfe6d3570 Uncommon trap: reason=null_check action=make_not_entrant pc=0x0000020d9079596c method=org.gradle.tooling.internal.provider.runner.ClientBuildEventGenerator$Disabled.accept(Lorg/gradle/internal/operations/BuildOperationDescriptor;)Lorg/gradle/tooling/inter
Event: 81.303 Thread 0x0000020dfe6d3570 DEOPT PACKING pc=0x0000020d9079596c sp=0x000000d9c36f5760
Event: 81.303 Thread 0x0000020dfe6d3570 DEOPT UNPACKING pc=0x0000020d8fd846a2 sp=0x000000d9c36f56e8 mode 2
Event: 81.324 Thread 0x0000020def381200 DEOPT UNPACKING pc=0x0000020d8fd846a2 sp=0x000000d9c69fe458 mode 2
Event: 81.605 Thread 0x0000020dfe6d3570 DEOPT PACKING pc=0x0000020d80e0533e sp=0x000000d9c36f6400
Event: 81.605 Thread 0x0000020dfe6d3570 DEOPT UNPACKING pc=0x0000020d8fd84e42 sp=0x000000d9c36f5938 mode 0
Event: 81.607 Thread 0x0000020dfe6d3570 DEOPT PACKING pc=0x0000020d80e0533e sp=0x000000d9c36f6400
Event: 81.607 Thread 0x0000020dfe6d3570 DEOPT UNPACKING pc=0x0000020d8fd84e42 sp=0x000000d9c36f5938 mode 0
Event: 81.829 Thread 0x0000020dfe73d7b0 DEOPT PACKING pc=0x0000020d81071753 sp=0x000000d9c3cfe620
Event: 81.829 Thread 0x0000020dfe73d7b0 DEOPT UNPACKING pc=0x0000020d8fd84e42 sp=0x000000d9c3cfdba8 mode 0
Event: 84.081 Thread 0x0000020dfe73d7b0 DEOPT PACKING pc=0x0000020d81071753 sp=0x000000d9c3cfe620
Event: 84.081 Thread 0x0000020dfe73d7b0 DEOPT UNPACKING pc=0x0000020d8fd84e42 sp=0x000000d9c3cfdba8 mode 0

Classes loaded (20 events):
Event: 74.297 Loading class java/util/TreeMap$KeySpliterator
Event: 74.297 Loading class java/util/TreeMap$TreeMapSpliterator
Event: 74.298 Loading class java/util/TreeMap$TreeMapSpliterator done
Event: 74.298 Loading class java/util/TreeMap$KeySpliterator done
Event: 74.723 Loading class java/util/stream/ReferencePipeline$4
Event: 74.724 Loading class java/util/stream/IntPipeline$StatelessOp
Event: 74.725 Loading class java/util/stream/IntPipeline$StatelessOp done
Event: 74.725 Loading class java/util/stream/ReferencePipeline$4 done
Event: 74.726 Loading class java/util/stream/ReduceOps$6
Event: 74.727 Loading class java/util/stream/ReduceOps$6 done
Event: 74.727 Loading class java/util/stream/ReduceOps$5ReducingSink
Event: 74.730 Loading class java/util/stream/ReduceOps$5ReducingSink done
Event: 74.730 Loading class java/util/stream/ReferencePipeline$4$1
Event: 74.731 Loading class java/util/stream/ReferencePipeline$4$1 done
Event: 76.451 Loading class java/util/concurrent/ConcurrentLinkedQueue$Itr
Event: 76.455 Loading class java/util/concurrent/ConcurrentLinkedQueue$Itr done
Event: 76.885 Loading class java/util/Collections$ReverseComparator
Event: 76.885 Loading class java/util/Collections$ReverseComparator done
Event: 76.885 Loading class java/util/Collections$ReverseComparator2
Event: 76.886 Loading class java/util/Collections$ReverseComparator2 done

Classes unloaded (0 events):
No events

Classes redefined (0 events):
No events

Internal exceptions (20 events):
Event: 74.597 Thread 0x0000020dff3c5030 Exception <a 'java/lang/NoSuchMethodError'{0x0000000607565098}: static Lorg/jetbrains/kotlin/gradle/plugin/statistics/MetricContainer;.<clinit>()V> (0x0000000607565098) 
thrown [s\src\hotspot\share\prims\jni.cpp, line 1111]
Event: 74.793 Thread 0x0000020dff3c1bb0 Exception <a 'java/lang/NoSuchMethodError'{0x0000000607764518}: 'int java.lang.invoke.DirectMethodHandle$Holder.invokeSpecial(java.lang.Object, java.lang.Object, java.lang.Object, java.lang.Object, java.lang.Object)'> (0x0000000607764518) 
thrown [s\src\hotspot\share\interpreter\linkResolver.cpp, line 773]
Event: 74.945 Thread 0x0000020dff3c1bb0 Exception <a 'java/lang/IncompatibleClassChangeError'{0x0000000607e500a8}: Found class java.lang.Object, but interface was expected> (0x0000000607e500a8) 
thrown [s\src\hotspot\share\interpreter\linkResolver.cpp, line 840]
Event: 75.605 Thread 0x0000020dff3c1bb0 Exception <a 'java/lang/NoSuchMethodError'{0x00000006070edc48}: static Ljava/lang/Object;.<clinit>()V> (0x00000006070edc48) 
thrown [s\src\hotspot\share\prims\jni.cpp, line 1111]
Event: 75.653 Thread 0x0000020dff3c63e0 Implicit null exception at 0x0000020d906fbbb3 to 0x0000020d906fbda4
Event: 76.226 Thread 0x0000020dff3c1bb0 Exception <a 'java/lang/NoSuchMethodError'{0x00000006069e3ed0}: 'int java.lang.invoke.DirectMethodHandle$Holder.invokeStaticInit(java.lang.Object, java.lang.Object, java.lang.Object, java.lang.Object, java.lang.Object)'> (0x00000006069e3ed0) 
thrown [s\src\hotspot\share\interpreter\linkResolver.cpp, line 773]
Event: 76.312 Thread 0x0000020dfe73f880 Exception <a 'java/lang/NoSuchMethodError'{0x0000000606b64af0}: static Lorg/gradle/internal/build/event/types/DefaultTaskSuccessResult;.<clinit>()V> (0x0000000606b64af0) 
thrown [s\src\hotspot\share\prims\jni.cpp, line 1111]
Event: 76.324 Thread 0x0000020dff3c1bb0 Exception <a 'sun/nio/fs/WindowsException'{0x0000000606b5e0d8}> (0x0000000606b5e0d8) 
thrown [s\src\hotspot\share\prims\jni.cpp, line 520]
Event: 76.332 Thread 0x0000020dff3c1bb0 Exception <a 'sun/nio/fs/WindowsException'{0x0000000606b60348}> (0x0000000606b60348) 
thrown [s\src\hotspot\share\prims\jni.cpp, line 520]
Event: 76.333 Thread 0x0000020dff3c1bb0 Exception <a 'sun/nio/fs/WindowsException'{0x0000000606b62328}> (0x0000000606b62328) 
thrown [s\src\hotspot\share\prims\jni.cpp, line 520]
Event: 76.334 Thread 0x0000020dff3c1bb0 Exception <a 'sun/nio/fs/WindowsException'{0x0000000606b9dac8}> (0x0000000606b9dac8) 
thrown [s\src\hotspot\share\prims\jni.cpp, line 520]
Event: 76.343 Thread 0x0000020dff3c1bb0 Exception <a 'sun/nio/fs/WindowsException'{0x0000000606bbd010}> (0x0000000606bbd010) 
thrown [s\src\hotspot\share\prims\jni.cpp, line 520]
Event: 76.344 Thread 0x0000020dff3c1bb0 Exception <a 'sun/nio/fs/WindowsException'{0x0000000606bbef58}> (0x0000000606bbef58) 
thrown [s\src\hotspot\share\prims\jni.cpp, line 520]
Event: 76.344 Thread 0x0000020dff3c1bb0 Exception <a 'sun/nio/fs/WindowsException'{0x0000000606bc0b08}> (0x0000000606bc0b08) 
thrown [s\src\hotspot\share\prims\jni.cpp, line 520]
Event: 80.907 Thread 0x0000020def37bcb0 Implicit null exception at 0x0000020d9077ff5d to 0x0000020d90783560
Event: 80.907 Thread 0x0000020def37bcb0 Implicit null exception at 0x0000020d9077ff5d to 0x0000020d90783560
Event: 80.937 Thread 0x0000020dfe6d3570 Implicit null exception at 0x0000020d9077ff5d to 0x0000020d90783560
Event: 80.937 Thread 0x0000020dfe6d3570 Implicit null exception at 0x0000020d9077ff5d to 0x0000020d90783560
Event: 81.303 Thread 0x0000020def381200 Implicit null exception at 0x0000020d907921fe to 0x0000020d90795950
Event: 81.303 Thread 0x0000020dfe6d3570 Implicit null exception at 0x0000020d907921fe to 0x0000020d90795950

ZGC Phase Switch (0 events):
No events

VM Operations (20 events):
Event: 80.085 Executing VM operation: Cleanup
Event: 80.085 Executing VM operation: Cleanup done
Event: 80.605 Executing VM operation: G1CollectForAllocation (G1 Evacuation Pause)
Event: 80.808 Executing VM operation: G1CollectForAllocation (G1 Evacuation Pause) done
Event: 81.821 Executing VM operation: Cleanup
Event: 81.829 Executing VM operation: Cleanup done
Event: 82.831 Executing VM operation: Cleanup
Event: 83.135 Executing VM operation: Cleanup done
Event: 84.136 Executing VM operation: Cleanup
Event: 84.283 Executing VM operation: Cleanup done
Event: 85.298 Executing VM operation: Cleanup
Event: 85.354 Executing VM operation: Cleanup done
Event: 86.361 Executing VM operation: Cleanup
Event: 86.364 Executing VM operation: Cleanup done
Event: 86.961 Executing VM operation: G1PauseRemark
Event: 88.402 Executing VM operation: G1PauseRemark done
Event: 88.712 Executing VM operation: G1PauseCleanup
Event: 88.712 Executing VM operation: G1PauseCleanup done
Event: 89.724 Executing VM operation: Cleanup
Event: 89.724 Executing VM operation: Cleanup done

Memory protections (0 events):
No events

Nmethod flushes (20 events):
Event: 87.111 Thread 0x0000020dfa788450 flushing  nmethod 0x0000020d8061c410
Event: 87.111 Thread 0x0000020dfa788450 flushing  nmethod 0x0000020d8066d890
Event: 87.111 Thread 0x0000020dfa788450 flushing  nmethod 0x0000020d8066ef90
Event: 87.112 Thread 0x0000020dfa788450 flushing  nmethod 0x0000020d80682190
Event: 87.112 Thread 0x0000020dfa788450 flushing  nmethod 0x0000020d8073ee90
Event: 87.112 Thread 0x0000020dfa788450 flushing  nmethod 0x0000020d8073f910
Event: 87.112 Thread 0x0000020dfa788450 flushing  nmethod 0x0000020d80754090
Event: 87.112 Thread 0x0000020dfa788450 flushing  nmethod 0x0000020d80755190
Event: 87.112 Thread 0x0000020dfa788450 flushing  nmethod 0x0000020d80760610
Event: 87.112 Thread 0x0000020dfa788450 flushing  nmethod 0x0000020d80773910
Event: 87.112 Thread 0x0000020dfa788450 flushing  nmethod 0x0000020d80779a90
Event: 87.112 Thread 0x0000020dfa788450 flushing  nmethod 0x0000020d807ad910
Event: 87.112 Thread 0x0000020dfa788450 flushing  nmethod 0x0000020d8080ff10
Event: 87.112 Thread 0x0000020dfa788450 flushing  nmethod 0x0000020d808a9710
Event: 87.112 Thread 0x0000020dfa788450 flushing  nmethod 0x0000020d808c5a10
Event: 87.112 Thread 0x0000020dfa788450 flushing  nmethod 0x0000020d80980510
Event: 87.112 Thread 0x0000020dfa788450 flushing  nmethod 0x0000020d809c8790
Event: 87.112 Thread 0x0000020dfa788450 flushing  nmethod 0x0000020d809cac90
Event: 87.112 Thread 0x0000020dfa788450 flushing  nmethod 0x0000020d80cc1790
Event: 87.112 Thread 0x0000020dfa788450 flushing  nmethod 0x0000020d80d5b410

Events (20 events):
Event: 75.268 Thread 0x0000020dff3c1bb0 Thread added: 0x0000020dff3c2f60
Event: 75.270 Thread 0x0000020dff3c1bb0 Thread added: 0x0000020dff3c0800
Event: 75.272 Thread 0x0000020dff3c1bb0 Thread added: 0x0000020dff3c3c80
Event: 75.559 Thread 0x0000020dff3c1bb0 Thread added: 0x0000020dff3c56c0
Event: 75.561 Thread 0x0000020dff3c1bb0 Thread added: 0x0000020dff3c5d50
Event: 75.567 Thread 0x0000020dff3c1bb0 Thread added: 0x0000020dff3bedc0
Event: 75.644 Thread 0x0000020dff3c1bb0 Thread added: 0x0000020dff3c63e0
Event: 75.652 Thread 0x0000020dff3c1bb0 Thread added: 0x0000020dff3bf450
Event: 75.658 Thread 0x0000020dff3c1bb0 Thread added: 0x0000020def3804e0
Event: 76.158 Thread 0x0000020dff3c1bb0 Thread added: 0x0000020def37fe50
Event: 76.160 Thread 0x0000020dff3c1bb0 Thread added: 0x0000020def37af90
Event: 76.999 Thread 0x0000020dfe6d3570 Thread added: 0x0000020def37c340
Event: 77.001 Thread 0x0000020dfe6d3570 Thread added: 0x0000020def37a900
Event: 77.005 Thread 0x0000020dfe6d3570 Thread added: 0x0000020def37f7c0
Event: 77.234 Thread 0x0000020dfe6d3570 Thread added: 0x0000020def37bcb0
Event: 77.239 Thread 0x0000020dfe6d3570 Thread added: 0x0000020def381200
Event: 77.247 Thread 0x0000020dfe6d3570 Thread added: 0x0000020def37c9d0
Event: 81.632 Thread 0x0000020dfe6d3570 Thread added: 0x0000020def380b70
Event: 81.635 Thread 0x0000020dfe6d3570 Thread added: 0x0000020def37b620
Event: 81.639 Thread 0x0000020dfe6d3570 Thread added: 0x0000020def37d060


Dynamic libraries:
0x00007ff785100000 - 0x00007ff78510e000 	C:\Users\user\.vscode\extensions\redhat.java-1.46.0-win32-x64\jre\21.0.8-win32-x86_64\bin\java.exe
0x00007ffc9fdb0000 - 0x00007ffc9ffa8000 	C:\Windows\SYSTEM32\ntdll.dll
0x00007ffc87660000 - 0x00007ffc87680000 	C:\Program Files\Avast Software\Avast\aswhook.dll
0x00007ffc9fae0000 - 0x00007ffc9fba2000 	C:\Windows\System32\KERNEL32.DLL
0x00007ffc9d440000 - 0x00007ffc9d736000 	C:\Windows\System32\KERNELBASE.dll
0x00007ffc9dcd0000 - 0x00007ffc9ddd0000 	C:\Windows\System32\ucrtbase.dll
0x00007ffc8b800000 - 0x00007ffc8b818000 	C:\Users\user\.vscode\extensions\redhat.java-1.46.0-win32-x64\jre\21.0.8-win32-x86_64\bin\jli.dll
0x00007ffc9f860000 - 0x00007ffc9fa01000 	C:\Windows\System32\USER32.dll
0x00007ffc9d7d0000 - 0x00007ffc9d7f2000 	C:\Windows\System32\win32u.dll
0x00007ffc9f770000 - 0x00007ffc9f79b000 	C:\Windows\System32\GDI32.dll
0x00007ffc9d960000 - 0x00007ffc9da79000 	C:\Windows\System32\gdi32full.dll
0x00007ffc9dbe0000 - 0x00007ffc9dc7d000 	C:\Windows\System32\msvcp_win.dll
0x00007ffc8c570000 - 0x00007ffc8c58e000 	C:\Users\user\.vscode\extensions\redhat.java-1.46.0-win32-x64\jre\21.0.8-win32-x86_64\bin\VCRUNTIME140.dll
0x00007ffc8be80000 - 0x00007ffc8c11b000 	C:\Windows\WinSxS\amd64_microsoft.windows.common-controls_6595b64144ccf1df_6.0.19041.6456_none_60b8a6cb71f64256\COMCTL32.dll
0x00007ffc9eac0000 - 0x00007ffc9eb5e000 	C:\Windows\System32\msvcrt.dll
0x00007ffc9f830000 - 0x00007ffc9f85f000 	C:\Windows\System32\IMM32.DLL
0x0000000052330000 - 0x000000005233c000 	C:\Program Files (x86)\360\Total Security\safemon\SafeWrapper.dll
0x00007ffc9eec0000 - 0x00007ffc9ef71000 	C:\Windows\System32\ADVAPI32.dll
0x00007ffc9fcd0000 - 0x00007ffc9fd6f000 	C:\Windows\System32\sechost.dll
0x00007ffc9f0b0000 - 0x00007ffc9f1d0000 	C:\Windows\System32\RPCRT4.dll
0x00007ffc9db30000 - 0x00007ffc9db57000 	C:\Windows\System32\bcrypt.dll
0x00007ffc8aea0000 - 0x00007ffc8af4c000 	C:\Program Files (x86)\360\Total Security\safemon\libzdtp64.dll
0x00007ffc9ddd0000 - 0x00007ffc9e540000 	C:\Windows\System32\SHELL32.dll
0x00007ffc9e8b0000 - 0x00007ffc9e90b000 	C:\Windows\System32\SHLWAPI.dll
0x00007ffc9d090000 - 0x00007ffc9d09a000 	C:\Windows\SYSTEM32\VERSION.dll
0x00007ffc8c680000 - 0x00007ffc8c68c000 	C:\Users\user\.vscode\extensions\redhat.java-1.46.0-win32-x64\jre\21.0.8-win32-x86_64\bin\vcruntime140_1.dll
0x00007ffc5c880000 - 0x00007ffc5c90d000 	C:\Users\user\.vscode\extensions\redhat.java-1.46.0-win32-x64\jre\21.0.8-win32-x86_64\bin\msvcp140.dll
0x00007ffc2e2d0000 - 0x00007ffc2f067000 	C:\Users\user\.vscode\extensions\redhat.java-1.46.0-win32-x64\jre\21.0.8-win32-x86_64\bin\server\jvm.dll
0x00007ffc9fc60000 - 0x00007ffc9fccb000 	C:\Windows\System32\WS2_32.dll
0x00007ffc9d2a0000 - 0x00007ffc9d2eb000 	C:\Windows\SYSTEM32\POWRPROF.dll
0x00007ffc7f410000 - 0x00007ffc7f437000 	C:\Windows\SYSTEM32\WINMM.dll
0x00007ffc9d280000 - 0x00007ffc9d292000 	C:\Windows\SYSTEM32\UMPDC.dll
0x00007ffc9b260000 - 0x00007ffc9b272000 	C:\Windows\SYSTEM32\kernel.appcore.dll
0x00007ffc8c5e0000 - 0x00007ffc8c5ea000 	C:\Users\user\.vscode\extensions\redhat.java-1.46.0-win32-x64\jre\21.0.8-win32-x86_64\bin\jimage.dll
0x00007ffc97f60000 - 0x00007ffc98161000 	C:\Windows\SYSTEM32\DBGHELP.DLL
0x00007ffc94120000 - 0x00007ffc94154000 	C:\Windows\SYSTEM32\dbgcore.DLL
0x00007ffc9d740000 - 0x00007ffc9d7c2000 	C:\Windows\System32\bcryptPrimitives.dll
0x00007ffc8c770000 - 0x00007ffc8c77f000 	C:\Users\user\.vscode\extensions\redhat.java-1.46.0-win32-x64\jre\21.0.8-win32-x86_64\bin\instrument.dll
0x00007ffc8ad00000 - 0x00007ffc8ad1f000 	C:\Users\user\.vscode\extensions\redhat.java-1.46.0-win32-x64\jre\21.0.8-win32-x86_64\bin\java.dll
0x00007ffc9b460000 - 0x00007ffc9bc05000 	C:\Windows\SYSTEM32\windows.storage.dll
0x00007ffc9eb60000 - 0x00007ffc9eeb4000 	C:\Windows\System32\combase.dll
0x00007ffc9cd20000 - 0x00007ffc9cd4b000 	C:\Windows\SYSTEM32\Wldp.dll
0x00007ffc9fa10000 - 0x00007ffc9fadd000 	C:\Windows\System32\OLEAUT32.dll
0x00007ffc9e540000 - 0x00007ffc9e5ed000 	C:\Windows\System32\SHCORE.dll
0x00007ffc9d370000 - 0x00007ffc9d394000 	C:\Windows\SYSTEM32\profapi.dll
0x00007ffc877b0000 - 0x00007ffc877c8000 	C:\Users\user\.vscode\extensions\redhat.java-1.46.0-win32-x64\jre\21.0.8-win32-x86_64\bin\zip.dll
0x00007ffc8b600000 - 0x00007ffc8b610000 	C:\Users\user\.vscode\extensions\redhat.java-1.46.0-win32-x64\jre\21.0.8-win32-x86_64\bin\net.dll
0x00007ffc90690000 - 0x00007ffc9079a000 	C:\Windows\SYSTEM32\WINHTTP.dll
0x00007ffc9ca80000 - 0x00007ffc9caea000 	C:\Windows\system32\mswsock.dll
0x00007ffc7fbc0000 - 0x00007ffc7fbd6000 	C:\Users\user\.vscode\extensions\redhat.java-1.46.0-win32-x64\jre\21.0.8-win32-x86_64\bin\nio.dll
0x00007ffc73c40000 - 0x00007ffc73c50000 	C:\Users\user\.vscode\extensions\redhat.java-1.46.0-win32-x64\jre\21.0.8-win32-x86_64\bin\verify.dll
0x00007ffc8ba60000 - 0x00007ffc8ba87000 	C:\Users\user\.gradle\native\1def1411415f61bf3af743bc5b6707747c0891f09f0c88961ee8f79bc544acac\windows-amd64\native-platform.dll
0x0000000051e80000 - 0x0000000051ef3000 	C:\Users\user\.gradle\native\0.2.5\x86_64-windows-gnu\gradle-fileevents.dll
0x00007ffc8b4b0000 - 0x00007ffc8b4ba000 	C:\Users\user\.vscode\extensions\redhat.java-1.46.0-win32-x64\jre\21.0.8-win32-x86_64\bin\management.dll
0x00007ffc87950000 - 0x00007ffc8795b000 	C:\Users\user\.vscode\extensions\redhat.java-1.46.0-win32-x64\jre\21.0.8-win32-x86_64\bin\management_ext.dll
0x00007ffc9f1d0000 - 0x00007ffc9f1d8000 	C:\Windows\System32\PSAPI.DLL
0x00007ffc9cc80000 - 0x00007ffc9cc98000 	C:\Windows\SYSTEM32\CRYPTSP.dll
0x00007ffc9c3a0000 - 0x00007ffc9c3d8000 	C:\Windows\system32\rsaenh.dll
0x00007ffc9d330000 - 0x00007ffc9d35e000 	C:\Windows\SYSTEM32\USERENV.dll
0x00007ffc9cc70000 - 0x00007ffc9cc7c000 	C:\Windows\SYSTEM32\CRYPTBASE.dll
0x00007ffc9c760000 - 0x00007ffc9c79b000 	C:\Windows\SYSTEM32\IPHLPAPI.DLL
0x00007ffc9e5f0000 - 0x00007ffc9e5f8000 	C:\Windows\System32\NSI.dll
0x00007ffc7f440000 - 0x00007ffc7f449000 	C:\Users\user\.vscode\extensions\redhat.java-1.46.0-win32-x64\jre\21.0.8-win32-x86_64\bin\extnet.dll
0x00007ffc7fdd0000 - 0x00007ffc7fdde000 	C:\Users\user\.vscode\extensions\redhat.java-1.46.0-win32-x64\jre\21.0.8-win32-x86_64\bin\sunmscapi.dll
0x00007ffc9d800000 - 0x00007ffc9d95d000 	C:\Windows\System32\CRYPT32.dll
0x00007ffc9cd90000 - 0x00007ffc9cdb7000 	C:\Windows\SYSTEM32\ncrypt.dll
0x00007ffc9cd50000 - 0x00007ffc9cd8b000 	C:\Windows\SYSTEM32\NTASN1.dll
0x00007ffc7f950000 - 0x00007ffc7f957000 	C:\Windows\system32\wshunix.dll
0x0000000051c80000 - 0x0000000051cf3000 	C:\Users\user\AppData\Local\Temp\native-platform17410960766323983621dir\gradle-fileevents.dll
0x00007ffc80210000 - 0x00007ffc80227000 	C:\Windows\system32\napinsp.dll
0x00007ffc801f0000 - 0x00007ffc8020b000 	C:\Windows\system32\pnrpnsp.dll
0x00007ffc97e40000 - 0x00007ffc97e5d000 	C:\Windows\system32\wshbth.dll
0x00007ffc98390000 - 0x00007ffc983ad000 	C:\Windows\system32\NLAapi.dll
0x00007ffc9c7a0000 - 0x00007ffc9c86a000 	C:\Windows\SYSTEM32\DNSAPI.dll
0x00007ffc801d0000 - 0x00007ffc801e2000 	C:\Windows\System32\winrnr.dll
0x0000000052490000 - 0x00000000524b6000 	C:\Program Files\Bonjour\mdnsNSP.dll
0x00007ffc8d9e0000 - 0x00007ffc8d9ea000 	C:\Windows\System32\rasadhlp.dll
0x00007ffc8d840000 - 0x00007ffc8d8c0000 	C:\Windows\System32\fwpuclnt.dll

JVMTI agents:
C:\Users\user\.gradle\wrapper\dists\gradle-8.12-all\ejduaidbjup3bmmkhw3rie4zb\gradle-8.12\lib\agents\gradle-instrumentation-agent-8.12.jar path:C:\Users\user\.vscode\extensions\redhat.java-1.46.0-win32-x64\jre\21.0.8-win32-x86_64\bin\instrument.dll, loaded, initialized, instrumentlib options:none

dbghelp: loaded successfully - version: 4.0.5 - missing functions: none
symbol engine: initialized successfully - sym options: 0x614 - pdb path: .;C:\Users\user\.vscode\extensions\redhat.java-1.46.0-win32-x64\jre\21.0.8-win32-x86_64\bin;C:\Windows\SYSTEM32;C:\Program Files\Avast Software\Avast;C:\Windows\WinSxS\amd64_microsoft.windows.common-controls_6595b64144ccf1df_6.0.19041.6456_none_60b8a6cb71f64256;C:\Program Files (x86)\360\Total Security\safemon;C:\Users\user\.vscode\extensions\redhat.java-1.46.0-win32-x64\jre\21.0.8-win32-x86_64\bin\server;C:\Users\user\.gradle\native\1def1411415f61bf3af743bc5b6707747c0891f09f0c88961ee8f79bc544acac\windows-amd64;C:\Users\user\.gradle\native\0.2.5\x86_64-windows-gnu;C:\Users\user\AppData\Local\Temp\native-platform17410960766323983621dir;C:\Program Files\Bonjour

VM Arguments:
jvm_args: --add-opens=java.base/java.lang=ALL-UNNAMED --add-opens=java.base/java.lang.invoke=ALL-UNNAMED --add-opens=java.base/java.util=ALL-UNNAMED --add-opens=java.prefs/java.util.prefs=ALL-UNNAMED --add-exports=jdk.compiler/com.sun.tools.javac.api=ALL-UNNAMED --add-exports=jdk.compiler/com.sun.tools.javac.util=ALL-UNNAMED --add-opens=java.base/java.util=ALL-UNNAMED --add-opens=java.prefs/java.util.prefs=ALL-UNNAMED --add-opens=java.base/java.nio.charset=ALL-UNNAMED --add-opens=java.base/java.net=ALL-UNNAMED --add-opens=java.base/java.util.concurrent.atomic=ALL-UNNAMED --add-opens=java.xml/javax.xml.namespace=ALL-UNNAMED -XX:MaxMetaspaceSize=4G -XX:ReservedCodeCacheSize=512m -XX:+HeapDumpOnOutOfMemoryError -Xmx8G -Dfile.encoding=UTF-8 -Duser.country=BO -Duser.language=es -Duser.variant -javaagent:C:\Users\user\.gradle\wrapper\dists\gradle-8.12-all\ejduaidbjup3bmmkhw3rie4zb\gradle-8.12\lib\agents\gradle-instrumentation-agent-8.12.jar 
java_command: org.gradle.launcher.daemon.bootstrap.GradleDaemon 8.12
java_class_path (initial): C:\Users\user\.gradle\wrapper\dists\gradle-8.12-all\ejduaidbjup3bmmkhw3rie4zb\gradle-8.12\lib\gradle-daemon-main-8.12.jar
Launcher Type: SUN_STANDARD

[Global flags]
     intx CICompilerCount                          = 3                                         {product} {ergonomic}
     uint ConcGCThreads                            = 1                                         {product} {ergonomic}
     uint G1ConcRefinementThreads                  = 4                                         {product} {ergonomic}
   size_t G1HeapRegionSize                         = 4194304                                   {product} {ergonomic}
    uintx GCDrainStackTargetSize                   = 64                                        {product} {ergonomic}
     bool HeapDumpOnOutOfMemoryError               = true                                   {manageable} {command line}
   size_t InitialHeapSize                          = 67108864                                  {product} {ergonomic}
   size_t MarkStackSize                            = 4194304                                   {product} {ergonomic}
   size_t MaxHeapSize                              = 8589934592                                {product} {command line}
   size_t MaxMetaspaceSize                         = 4294967296                                {product} {command line}
   size_t MaxNewSize                               = 5150605312                                {product} {ergonomic}
   size_t MinHeapDeltaBytes                        = 4194304                                   {product} {ergonomic}
   size_t MinHeapSize                              = 8388608                                   {product} {ergonomic}
    uintx NonNMethodCodeHeapSize                   = 5832780                                {pd product} {ergonomic}
    uintx NonProfiledCodeHeapSize                  = 265519066                              {pd product} {ergonomic}
    uintx ProfiledCodeHeapSize                     = 265519066                              {pd product} {ergonomic}
    uintx ReservedCodeCacheSize                    = 536870912                              {pd product} {command line}
     bool SegmentedCodeCache                       = true                                      {product} {ergonomic}
   size_t SoftMaxHeapSize                          = 8589934592                             {manageable} {ergonomic}
     bool UseCompressedOops                        = true                           {product lp64_product} {ergonomic}
     bool UseG1GC                                  = true                                      {product} {ergonomic}
     bool UseLargePagesIndividualAllocation        = false                                  {pd product} {ergonomic}

Logging:
Log output configuration:
 #0: stdout all=warning uptime,level,tags foldmultilines=false
 #1: stderr all=off uptime,level,tags foldmultilines=false

Environment Variables:
PATH=C:\Program Files\Common Files\Oracle\Java\javapath;C:\Program Files (x86)\Common Files\Oracle\Java\java8path;C:\Program Files (x86)\Common Files\Oracle\Java\javapath;C:\Program Files (x86)\Common Files\Intel\Shared Libraries\redist\intel64\compiler;C:\Program Files (x86)\Intel\iCLS Client\;C:\Program Files\Intel\iCLS Client\;C:\Windows\system32;C:\Windows;C:\Windows\System32\Wbem;C:\Windows\System32\WindowsPowerShell\v1.0\;C:\Windows\System32\OpenSSH\;C:\Program Files\Git\cmd;C:\xampp\php;C:\ProgramData\ComposerSetup\bin;C:\src\flutter\bin;C:\Program Files\nodejs\;C:\Users\user\AppData\Local\Programs\Python\Python312\Scripts\;C:\Users\user\AppData\Local\Programs\Python\Python312\;C:\Users\user\AppData\Local\Programs\Python\Launcher\;C:\Users\user\AppData\Local\Microsoft\WindowsApps;C:\Users\user\AppData\Roaming\Composer\vendor\bin;C:\Program Files\MongoDB\Server\8.0\bin;C:\Program Files\MongoDB\mongosh-2.5.5-win32-x64\bin;C:\src\flutter\bin;C:\Users\user\AppData\Local\Programs\Microsoft VS Code\bin;C:\src\flutter\bin;C:\Users\user\AppData\Roaming\npm
USERNAME=user
OS=Windows_NT
PROCESSOR_IDENTIFIER=Intel64 Family 6 Model 69 Stepping 1, GenuineIntel
TMP=C:\Users\user\AppData\Local\Temp
TEMP=C:\Users\user\AppData\Local\Temp




Periodic native trim disabled

---------------  S Y S T E M  ---------------

OS:
 Windows 10 , 64 bit Build 19041 (10.0.19041.5915)
OS uptime: 0 days 1:11 hours

CPU: total 4 (initial active 4) (2 cores per cpu, 2 threads per core) family 6 model 69 stepping 1 microcode 0x26, cx8, cmov, fxsr, ht, mmx, sse, sse2, sse3, ssse3, sse4.1, sse4.2, popcnt, lzcnt, tsc, tscinvbit, avx, avx2, aes, erms, clmul, bmi1, bmi2, fma, vzeroupper, clflush, rdtscp, f16c
Processor Information for the first 4 processors :
  Max Mhz: 2001, Current Mhz: 2001, Mhz Limit: 2001

Memory: 4k page, system-wide physical 3972M (107M free)
TotalPageFile size 16260M (AvailPageFile size 0M)
current process WorkingSet (physical memory assigned to process): 205M, peak: 264M
current process commit charge ("private bytes"): 384M, peak: 389M

vm_info: OpenJDK 64-Bit Server VM (21.0.8+9-LTS) for windows-amd64 JRE (21.0.8+9-LTS), built on 2025-07-15T00:00:00Z by "admin" with MS VC++ 17.7 (VS2022)

END.
